
> ursa-optional@0.9.10 rebuild Z:\Projects\Organ-Donation-Transplant-Chain-master\Complete Project\client\node_modules\ursa-optional
> node-gyp rebuild


Z:\Projects\Organ-Donation-Transplant-Chain-master\Complete Project\client\node_modules\ursa-optional>if not defined npm_config_node_gyp (node "C:\NodeJs\node_modules\npm\node_modules\npm-lifecycle\node-gyp-bin\\..\..\node_modules\node-gyp\bin\node-gyp.js" rebuild )  else (node "C:\NodeJs\node_modules\npm\node_modules\node-gyp\bin\node-gyp.js" rebuild ) 
Building the projects in this solution one at a time. To enable parallel build, please add the "-m" switch.
  ursaNative.cc
  win_delay_load_hook.cc
Z:\Projects\Organ-Donation-Transplant-Chain-master\Complete Project\client\node_modules\ursa-optional\src\ursaNative.cc(543,32): error C2660: 'v8::String::Utf8Length': function does not take 0 arguments [Z:\Projects\Organ-Donation-Transplant-Chain-master\Complete Project\client\node_modules\ursa-optional\build\ursaNative.vcxproj]
C:\Users\Soumyadeepta\AppData\Local\node-gyp\Cache\12.17.0\include\node\v8.h(2818,7): message : see declaration of 'v8::String::Utf8Length' (compiling source file ..\src\ursaNative.cc) [Z:\Projects\Organ-Donation-Transplant-Chain-master\Complete Project\client\node_modules\ursa-optional\build\ursaNative.vcxproj]
Z:\Projects\Organ-Donation-Transplant-Chain-master\Complete Project\client\node_modules\ursa-optional\src\ursaNative.cc(553,36): error C2664: 'int v8::String::WriteUtf8(v8::Isolate *,char *,int,int *,int) const': cannot convert argument 1 from 'char *' to 'v8::Isolate *' [Z:\Projects\Organ-Donation-Transplant-Chain-master\Complete Project\client\node_modules\ursa-optional\build\ursaNative.vcxproj]
Z:\Projects\Organ-Donation-Transplant-Chain-master\Complete Project\client\node_modules\ursa-optional\src\ursaNative.cc(553,18): message : Types pointed to are unrelated; conversion requires reinterpret_cast, C-style cast or function-style cast [Z:\Projects\Organ-Donation-Transplant-Chain-master\Complete Project\client\node_modules\ursa-optional\build\ursaNative.vcxproj]
C:\Users\Soumyadeepta\AppData\Local\node-gyp\Cache\12.17.0\include\node\v8.h(2878,7): message : see declaration of 'v8::String::WriteUtf8' (compiling source file ..\src\ursaNative.cc) [Z:\Projects\Organ-Donation-Transplant-Chain-master\Complete Project\client\node_modules\ursa-optional\build\ursaNative.vcxproj]
Z:\Projects\Organ-Donation-Transplant-Chain-master\Complete Project\client\node_modules\ursa-optional\src\ursaNative.cc(690,68): error C2660: 'v8::FunctionTemplate::GetFunction': function does not take 0 arguments [Z:\Projects\Organ-Donation-Transplant-Chain-master\Complete Project\client\node_modules\ursa-optional\build\ursaNative.vcxproj]
C:\Users\Soumyadeepta\AppData\Local\node-gyp\Cache\12.17.0\include\node\v8.h(6126,46): message : see declaration of 'v8::FunctionTemplate::GetFunction' (compiling source file ..\src\ursaNative.cc) [Z:\Projects\Organ-Donation-Transplant-Chain-master\Complete Project\client\node_modules\ursa-optional\build\ursaNative.vcxproj]
Z:\Projects\Organ-Donation-Transplant-Chain-master\Complete Project\client\node_modules\ursa-optional\src\ursaNative.cc(690,69): error C2661: 'v8::Object::Set': no overloaded function takes 1 arguments [Z:\Projects\Organ-Donation-Transplant-Chain-master\Complete Project\client\node_modules\ursa-optional\build\ursaNative.vcxproj]
Z:\Projects\Organ-Donation-Transplant-Chain-master\Complete Project\client\node_modules\ursa-optional\src\ursaNative.cc(691,38): error C2660: 'v8::FunctionTemplate::GetFunction': function does not take 0 arguments [Z:\Projects\Organ-Donation-Transplant-Chain-master\Complete Project\client\node_modules\ursa-optional\build\ursaNative.vcxproj]
C:\Users\Soumyadeepta\AppData\Local\node-gyp\Cache\12.17.0\include\node\v8.h(6126,46): message : see declaration of 'v8::FunctionTemplate::GetFunction' (compiling source file ..\src\ursaNative.cc) [Z:\Projects\Organ-Donation-Transplant-Chain-master\Complete Project\client\node_modules\ursa-optional\build\ursaNative.vcxproj]
Z:\Projects\Organ-Donation-Transplant-Chain-master\Complete Project\client\node_modules\ursa-optional\src\ursaNative.cc(691,39): error C2660: 'Nan::Persistent<v8::Function,v8::NonCopyablePersistentTraits<T>>::Reset': function does not take 1 arguments [Z:\Projects\Organ-Donation-Transplant-Chain-master\Complete Project\client\node_modules\ursa-optional\build\ursaNative.vcxproj]
          with
          [
              T=v8::Function
          ]
Z:\Projects\Organ-Donation-Transplant-Chain-master\Complete Project\client\node_modules\nan\nan_persistent_12_inl.h(25,15): message : see declaration of 'Nan::Persistent<v8::Function,v8::NonCopyablePersistentTraits<T>>::Reset' [Z:\Projects\Organ-Donation-Transplant-Chain-master\Complete Project\client\node_modules\ursa-optional\build\ursaNative.vcxproj]
          with
          [
              T=v8::Function
          ] (compiling source file ..\src\ursaNative.cc)
Z:\Projects\Organ-Donation-Transplant-Chain-master\Complete Project\client\node_modules\ursa-optional\src\ursaNative.cc(693,104): error C2660: 'v8::FunctionTemplate::GetFunction': function does not take 0 arguments [Z:\Projects\Organ-Donation-Transplant-Chain-master\Complete Project\client\node_modules\ursa-optional\build\ursaNative.vcxproj]
C:\Users\Soumyadeepta\AppData\Local\node-gyp\Cache\12.17.0\include\node\v8.h(6126,46): message : see declaration of 'v8::FunctionTemplate::GetFunction' (compiling source file ..\src\ursaNative.cc) [Z:\Projects\Organ-Donation-Transplant-Chain-master\Complete Project\client\node_modules\ursa-optional\build\ursaNative.vcxproj]
Z:\Projects\Organ-Donation-Transplant-Chain-master\Complete Project\client\node_modules\ursa-optional\src\ursaNative.cc(693,105): error C2661: 'v8::Object::Set': no overloaded function takes 1 arguments [Z:\Projects\Organ-Donation-Transplant-Chain-master\Complete Project\client\node_modules\ursa-optional\build\ursaNative.vcxproj]
Z:\Projects\Organ-Donation-Transplant-Chain-master\Complete Project\client\node_modules\ursa-optional\src\ursaNative.cc(866,42): error C2660: 'v8::Value::Uint32Value': function does not take 0 arguments [Z:\Projects\Organ-Donation-Transplant-Chain-master\Complete Project\client\node_modules\ursa-optional\build\ursaNative.vcxproj]
C:\Users\Soumyadeepta\AppData\Local\node-gyp\Cache\12.17.0\include\node\v8.h(2707,41): message : see declaration of 'v8::Value::Uint32Value' (compiling source file ..\src\ursaNative.cc) [Z:\Projects\Organ-Donation-Transplant-Chain-master\Complete Project\client\node_modules\ursa-optional\build\ursaNative.vcxproj]
Z:\Projects\Organ-Donation-Transplant-Chain-master\Complete Project\client\node_modules\ursa-optional\src\ursaNative.cc(867,39): error C2660: 'v8::Value::Uint32Value': function does not take 0 arguments [Z:\Projects\Organ-Donation-Transplant-Chain-master\Complete Project\client\node_modules\ursa-optional\build\ursaNative.vcxproj]
C:\Users\Soumyadeepta\AppData\Local\node-gyp\Cache\12.17.0\include\node\v8.h(2707,41): message : see declaration of 'v8::Value::Uint32Value' (compiling source file ..\src\ursaNative.cc) [Z:\Projects\Organ-Donation-Transplant-Chain-master\Complete Project\client\node_modules\ursa-optional\build\ursaNative.vcxproj]
Z:\Projects\Organ-Donation-Transplant-Chain-master\Complete Project\client\node_modules\ursa-optional\src\ursaNative.cc(1103,38): error C2660: 'v8::Value::Uint32Value': function does not take 0 arguments [Z:\Projects\Organ-Donation-Transplant-Chain-master\Complete Project\client\node_modules\ursa-optional\build\ursaNative.vcxproj]
C:\Users\Soumyadeepta\AppData\Local\node-gyp\Cache\12.17.0\include\node\v8.h(2707,41): message : see declaration of 'v8::Value::Uint32Value' (compiling source file ..\src\ursaNative.cc) [Z:\Projects\Organ-Donation-Transplant-Chain-master\Complete Project\client\node_modules\ursa-optional\build\ursaNative.vcxproj]
Z:\Projects\Organ-Donation-Transplant-Chain-master\Complete Project\client\node_modules\ursa-optional\src\ursaNative.cc(1161,38): error C2660: 'v8::Value::Uint32Value': function does not take 0 arguments [Z:\Projects\Organ-Donation-Transplant-Chain-master\Complete Project\client\node_modules\ursa-optional\build\ursaNative.vcxproj]
C:\Users\Soumyadeepta\AppData\Local\node-gyp\Cache\12.17.0\include\node\v8.h(2707,41): message : see declaration of 'v8::Value::Uint32Value' (compiling source file ..\src\ursaNative.cc) [Z:\Projects\Organ-Donation-Transplant-Chain-master\Complete Project\client\node_modules\ursa-optional\build\ursaNative.vcxproj]
Z:\Projects\Organ-Donation-Transplant-Chain-master\Complete Project\client\node_modules\ursa-optional\src\ursaNative.cc(1218,38): error C2660: 'v8::Value::Uint32Value': function does not take 0 arguments [Z:\Projects\Organ-Donation-Transplant-Chain-master\Complete Project\client\node_modules\ursa-optional\build\ursaNative.vcxproj]
C:\Users\Soumyadeepta\AppData\Local\node-gyp\Cache\12.17.0\include\node\v8.h(2707,41): message : see declaration of 'v8::Value::Uint32Value' (compiling source file ..\src\ursaNative.cc) [Z:\Projects\Organ-Donation-Transplant-Chain-master\Complete Project\client\node_modules\ursa-optional\build\ursaNative.vcxproj]
Z:\Projects\Organ-Donation-Transplant-Chain-master\Complete Project\client\node_modules\ursa-optional\src\ursaNative.cc(1272,38): error C2660: 'v8::Value::Uint32Value': function does not take 0 arguments [Z:\Projects\Organ-Donation-Transplant-Chain-master\Complete Project\client\node_modules\ursa-optional\build\ursaNative.vcxproj]
C:\Users\Soumyadeepta\AppData\Local\node-gyp\Cache\12.17.0\include\node\v8.h(2707,41): message : see declaration of 'v8::Value::Uint32Value' (compiling source file ..\src\ursaNative.cc) [Z:\Projects\Organ-Donation-Transplant-Chain-master\Complete Project\client\node_modules\ursa-optional\build\ursaNative.vcxproj]
Z:\Projects\Organ-Donation-Transplant-Chain-master\Complete Project\client\node_modules\ursa-optional\src\ursaNative.cc(1411,34): error C2660: 'v8::Value::Uint32Value': function does not take 0 arguments [Z:\Projects\Organ-Donation-Transplant-Chain-master\Complete Project\client\node_modules\ursa-optional\build\ursaNative.vcxproj]
C:\Users\Soumyadeepta\AppData\Local\node-gyp\Cache\12.17.0\include\node\v8.h(2707,41): message : see declaration of 'v8::Value::Uint32Value' (compiling source file ..\src\ursaNative.cc) [Z:\Projects\Organ-Donation-Transplant-Chain-master\Complete Project\client\node_modules\ursa-optional\build\ursaNative.vcxproj]
Z:\Projects\Organ-Donation-Transplant-Chain-master\Complete Project\client\node_modules\ursa-optional\src\ursaNative.cc(1477,34): error C2660: 'v8::Value::Uint32Value': function does not take 0 arguments [Z:\Projects\Organ-Donation-Transplant-Chain-master\Complete Project\client\node_modules\ursa-optional\build\ursaNative.vcxproj]
C:\Users\Soumyadeepta\AppData\Local\node-gyp\Cache\12.17.0\include\node\v8.h(2707,41): message : see declaration of 'v8::Value::Uint32Value' (compiling source file ..\src\ursaNative.cc) [Z:\Projects\Organ-Donation-Transplant-Chain-master\Complete Project\client\node_modules\ursa-optional\build\ursaNative.vcxproj]
Z:\Projects\Organ-Donation-Transplant-Chain-master\Complete Project\client\node_modules\ursa-optional\src\ursaNative.cc(1554,34): error C2660: 'v8::Value::Uint32Value': function does not take 0 arguments [Z:\Projects\Organ-Donation-Transplant-Chain-master\Complete Project\client\node_modules\ursa-optional\build\ursaNative.vcxproj]
C:\Users\Soumyadeepta\AppData\Local\node-gyp\Cache\12.17.0\include\node\v8.h(2707,41): message : see declaration of 'v8::Value::Uint32Value' (compiling source file ..\src\ursaNative.cc) [Z:\Projects\Organ-Donation-Transplant-Chain-master\Complete Project\client\node_modules\ursa-optional\build\ursaNative.vcxproj]
Z:\Projects\Organ-Donation-Transplant-Chain-master\Complete Project\client\node_modules\ursa-optional\src\ursaNative.cc(1584,35): error C2660: 'v8::Value::Uint32Value': function does not take 0 arguments [Z:\Projects\Organ-Donation-Transplant-Chain-master\Complete Project\client\node_modules\ursa-optional\build\ursaNative.vcxproj]
C:\Users\Soumyadeepta\AppData\Local\node-gyp\Cache\12.17.0\include\node\v8.h(2707,41): message : see declaration of 'v8::Value::Uint32Value' (compiling source file ..\src\ursaNative.cc) [Z:\Projects\Organ-Donation-Transplant-Chain-master\Complete Project\client\node_modules\ursa-optional\build\ursaNative.vcxproj]
Z:\Projects\Organ-Donation-Transplant-Chain-master\Complete Project\client\node_modules\ursa-optional\src\ursaNative.cc(1627,34): error C2660: 'v8::Value::Uint32Value': function does not take 0 arguments [Z:\Projects\Organ-Donation-Transplant-Chain-master\Complete Project\client\node_modules\ursa-optional\build\ursaNative.vcxproj]
C:\Users\Soumyadeepta\AppData\Local\node-gyp\Cache\12.17.0\include\node\v8.h(2707,41): message : see declaration of 'v8::Value::Uint32Value' (compiling source file ..\src\ursaNative.cc) [Z:\Projects\Organ-Donation-Transplant-Chain-master\Complete Project\client\node_modules\ursa-optional\build\ursaNative.vcxproj]
Z:\Projects\Organ-Donation-Transplant-Chain-master\Complete Project\client\node_modules\ursa-optional\src\ursaNative.cc(1674,35): error C2660: 'v8::Value::Uint32Value': function does not take 0 arguments [Z:\Projects\Organ-Donation-Transplant-Chain-master\Complete Project\client\node_modules\ursa-optional\build\ursaNative.vcxproj]
C:\Users\Soumyadeepta\AppData\Local\node-gyp\Cache\12.17.0\include\node\v8.h(2707,41): message : see declaration of 'v8::Value::Uint32Value' (compiling source file ..\src\ursaNative.cc) [Z:\Projects\Organ-Donation-Transplant-Chain-master\Complete Project\client\node_modules\ursa-optional\build\ursaNative.vcxproj]
